<?xml version="1.0" encoding="UTF-8"?>
<!-- Generated by org.testng.reporters.JUnitReportReporter -->
<testsuite hostname="merlin" failures="0" tests="1" name="practice.AssertPractice" time="0.015" errors="0" timestamp="2022-10-11T10:26:08 IST" skipped="0">
  <testcase classname="practice.AssertPractice" name="demo" time="0.015"/>
  <system-out/>
</testsuite> <!-- practice.AssertPractice -->
