<?xml version="1.0" encoding="UTF-8"?>
<!-- Generated by org.testng.reporters.JUnitReportReporter -->
<testsuite hostname="merlin" failures="0" tests="1" name="php.crm.vtiger.project1.CreateLeadTest" time="24.327" errors="0" timestamp="2022-10-13T16:37:46 IST" skipped="0">
  <testcase classname="php.crm.vtiger.project1.CreateLeadTest" name="createLeadAndVerifyLeadsNameTest" time="24.327"/>
  <system-out/>
</testsuite> <!-- php.crm.vtiger.project1.CreateLeadTest -->
