<?xml version="1.0" encoding="UTF-8"?>
<!-- Generated by org.testng.reporters.JUnitReportReporter -->
<testsuite hostname="merlin" failures="0" tests="1" name="php.crm.vtiger.project1.CreateCampaignTest" time="23.696" errors="0" timestamp="2022-10-17T16:34:34 IST" skipped="0">
  <testcase classname="php.crm.vtiger.project1.CreateCampaignTest" name="createCampaignAndVerifyCampaignNameTest" time="23.696"/>
  <system-out/>
</testsuite> <!-- php.crm.vtiger.project1.CreateCampaignTest -->
